<?xml version="1.0" encoding="UTF-8"?>
<!-- Generated by org.testng.reporters.JUnitXMLReporter -->
<testsuite ignored="0" hostname="DESKTOP-E181M8T" failures="0" tests="6" name="chrome browser" time="117.781" errors="0" timestamp="2024-05-05T19:08:41 ICT">
  <testcase classname="testcases.Account_test" name="verifyRedirectToThongTinCaNhanSuccess" time="5.589"/>
  <testcase classname="testcases.Account_test" name="verifyUpdateUsernameSuccess" time="21.252"/>
  <testcase classname="testcases.Account_test" name="verifyCannotUpdateHoSoWithEmtyUsername" time="8.021"/>
  <testcase classname="testcases.Account_test" name="verifyCannotUpdateHoSoWithUsernameLessThan6Letters" time="4.328"/>
  <testcase classname="testcases.Account_test" name="verifyCannotUpdateHoSoWithUsernameMoreThan20Leters" time="4.81"/>
  <testcase classname="testcases.Account_test" name="verifyCannotUpdateHoSoWithUsernameHaveSpecialLetter" time="3.957"/>
</testsuite> <!-- chrome browser -->
